[debug] [2023-07-26T21:08:22.665Z] ----------------------------------------------------------------------
[debug] [2023-07-26T21:08:22.666Z] Command:       C:\Program Files\nodejs\node.exe C:\Users\xiaomi\AppData\Roaming\npm\node_modules\firebase-tools\lib\bin\firebase.js init
[debug] [2023-07-26T21:08:22.667Z] CLI Version:   12.4.6
[debug] [2023-07-26T21:08:22.667Z] Platform:      win32
[debug] [2023-07-26T21:08:22.667Z] Node Version:  v16.15.0
[debug] [2023-07-26T21:08:22.668Z] Time:          Thu Jul 27 2023 02:38:22 GMT+0530 (India Standard Time)
[debug] [2023-07-26T21:08:22.668Z] ----------------------------------------------------------------------
[debug] 
[debug] [2023-07-26T21:08:22.674Z] > command requires scopes: ["email","openid","https://www.googleapis.com/auth/cloudplatformprojects.readonly","https://www.googleapis.com/auth/firebase","https://www.googleapis.com/auth/cloud-platform"]
[debug] [2023-07-26T21:08:22.674Z] > authorizing via signed-in user (gsardarji1995@gmail.com)
[info] 
     ######## #### ########  ######## ########     ###     ######  ########
     ##        ##  ##     ## ##       ##     ##  ##   ##  ##       ##
     ######    ##  ########  ######   ########  #########  ######  ######
     ##        ##  ##    ##  ##       ##     ## ##     ##       ## ##
     ##       #### ##     ## ######## ########  ##     ##  ######  ########

You're about to initialize a Firebase project in this directory:

  D:\angpro\POC\POC

[info] 
=== Project Setup
[info] 
[info] First, let's associate this project directory with a Firebase project.
[info] You can create multiple project aliases by running firebase use --add, 
[info] but for now we'll just set up a default project.
[info] 
[debug] [2023-07-26T21:08:54.817Z] >>> [apiv2][query] GET https://firebase.googleapis.com/v1beta1/projects pageSize=100
[debug] [2023-07-26T21:08:56.167Z] <<< [apiv2][status] GET https://firebase.googleapis.com/v1beta1/projects 200
[debug] [2023-07-26T21:08:56.167Z] <<< [apiv2][body] GET https://firebase.googleapis.com/v1beta1/projects [omitted]
[info] i  Using project firstpoc-20b53 (firstpoc) 
[info] 
=== Frameworks Setup
[info] i  First we need a few details to create your service. 
[debug] [2023-07-26T21:09:17.449Z] ----------------------------------------------------------------------
[debug] [2023-07-26T21:09:17.451Z] Command:       C:\Program Files\nodejs\node.exe C:\Users\xiaomi\AppData\Roaming\npm\node_modules\firebase-tools\lib\bin\firebase.js init
[debug] [2023-07-26T21:09:17.451Z] CLI Version:   12.4.6
[debug] [2023-07-26T21:09:17.451Z] Platform:      win32
[debug] [2023-07-26T21:09:17.451Z] Node Version:  v16.15.0
[debug] [2023-07-26T21:09:17.452Z] Time:          Thu Jul 27 2023 02:39:17 GMT+0530 (India Standard Time)
[debug] [2023-07-26T21:09:17.452Z] ----------------------------------------------------------------------
[debug] 
[debug] [2023-07-26T21:09:17.457Z] > command requires scopes: ["email","openid","https://www.googleapis.com/auth/cloudplatformprojects.readonly","https://www.googleapis.com/auth/firebase","https://www.googleapis.com/auth/cloud-platform"]
[debug] [2023-07-26T21:09:17.458Z] > authorizing via signed-in user (gsardarji1995@gmail.com)
[info] 
     ######## #### ########  ######## ########     ###     ######  ########
     ##        ##  ##     ## ##       ##     ##  ##   ##  ##       ##
     ######    ##  ########  ######   ########  #########  ######  ######
     ##        ##  ##    ##  ##       ##     ## ##     ##       ## ##
     ##       #### ##     ## ######## ########  ##     ##  ######  ########

You're about to initialize a Firebase project in this directory:

  D:\angpro\POC\POC

